[2026-03-17 23:10:10 - logger] - (main.py - 330): INFO - aug:
  cutmix: 0.0
  cutmix_minmax: null
  mixup: 0.0
  mixup_mode: batch
  mixup_prob: 0.0
  mixup_switch_prob: 0.0
connectome:
  frequency_band:
    beta:
    - 12.0
    - 30.0
    delta:
    - 2.0
    - 4.0
    gamma:
    - 30.0
    - 45.0
    high_alpha:
    - 10.0
    - 12.0
    high_beta:
    - 21.0
    - 30.0
    low_alpha:
    - 8.0
    - 10.0
    low_beta:
    - 12.0
    - 18.0
    mid_beta:
    - 18.0
    - 21.0
    theta:
    - 4.0
    - 8.0
  methods:
  - coh
  - wpli
  path:
    data_dir: <preprocessed-path-to-preprocessed-data>
    save_dir: <save-path-to-connectome>
dataset: BEED
model:
  attn_drop: 0.0
  dim_edge_feat: 128
  dim_node_feat: 128
  dropout: 0.0
  droppath: 0.0
  explainer_type: DeepLift
  gnn_type: GINEConv
  init_values: 0.001
  mlp_ratio: 4.0
  num_classes: 2
  num_edge_feat: 1
  num_gnn_layer: 4
  num_head: 4
  num_node_feat: 16
  num_transformer_layer: 6
model_name: XAIguiFormer
num_workers: 2
out_root: output
preprocessing:
  h_freq: 45
  ica:
    fit_params:
      extended: true
    ic_label_threshold: 0.0
    method: infomax
    n_components: 20
  l_freq: 1
  line_frequency: 60
  n_jobs: null
  n_workers: 4
  path:
    data_dir: <path-to-raw-dataset>
    electrode_locations: <file-path-to-elec_loc.csv>
    save_dir: <save-path-to-preprocesses-data>
pretrain: false
pretrained_model: ''
print_freq: 5
root: EEGBenchmarkDataset
save_fname: XAIguiFormer_lr4e-05_weightdecay0.0001_20260317_231010
seed: 42
train:
  batch_size: 128
  criterion:
    alpha: 0.7
    smoothing: 0.1
  epochs: 50
  lr_scheduler:
    lr_min: 1.0e-07
    warmup_epochs: 3
    warmup_lr: 1.0e-07
  optimizer:
    betas:
    - 0.9
    - 0.99
    eps: 1.0e-08
    lr: 4.0e-05
    weight_decay: 0.0001

