[2026-03-17 22:49:28 - logger] - (main.py - 324): INFO - aug:
  cutmix: 0.2
  cutmix_minmax: null
  mixup: 0.2
  mixup_mode: batch
  mixup_prob: 0.0
  mixup_switch_prob: 0.5
connectome:
  frequency_band:
    beta:
    - 12.0
    - 30.0
    delta:
    - 2.0
    - 4.0
    gamma:
    - 30.0
    - 45.0
    high_alpha:
    - 10.0
    - 12.0
    high_beta:
    - 21.0
    - 30.0
    low_alpha:
    - 8.0
    - 10.0
    low_beta:
    - 12.0
    - 18.0
    mid_beta:
    - 18.0
    - 21.0
    theta:
    - 4.0
    - 8.0
  methods:
  - coh
  - wpli
  path:
    data_dir: <preprocessed-path-to-preprocessed-data>
    save_dir: <save-path-to-connectome>
dataset: BEED
model:
  attn_drop: 0.0
  dim_edge_feat: 128
  dim_node_feat: 128
  dropout: 0.0
  droppath: 0.0
  explainer_type: DeepLift
  gnn_type: GINEConv
  init_values: 0.001
  mlp_ratio: 4.0
  num_classes: 2
  num_edge_feat: 1
  num_gnn_layer: 4
  num_head: 4
  num_node_feat: 16
  num_transformer_layer: 6
model_name: XAIguiFormer
num_workers: 2
out_root: output
preprocessing:
  h_freq: 45
  ica:
    fit_params:
      extended: true
    ic_label_threshold: 0.0
    method: infomax
    n_components: 20
  l_freq: 1
  line_frequency: 60
  n_jobs: null
  n_workers: 4
  path:
    data_dir: <path-to-raw-dataset>
    electrode_locations: <file-path-to-elec_loc.csv>
    save_dir: <save-path-to-preprocesses-data>
pretrain: false
pretrained_model: ''
print_freq: 5
root: EEGBenchmarkDataset
save_fname: XAIguiFormer_lr4e-05_weightdecay0.0001_20260317_224928
seed: 42
train:
  batch_size: 128
  criterion:
    alpha: 0.7
    smoothing: 0.1
  epochs: 50
  lr_scheduler:
    lr_min: 1.0e-07
    warmup_epochs: 3
    warmup_lr: 1.0e-07
  optimizer:
    betas:
    - 0.9
    - 0.99
    eps: 1.0e-08
    lr: 4.0e-05
    weight_decay: 0.0001

[2026-03-17 22:49:29 - logger] - (main.py - 60): INFO - Creating model:

[2026-03-17 22:49:29 - logger] - (main.py - 85): INFO - XAIguiFormer(
  (ConnectomeEncoder): ConnectomeEncoder(
    (node_embedding): Linear(in_features=16, out_features=128, bias=True)
    (edge_embedding): Linear(in_features=1, out_features=128, bias=True)
    (gnns): GNN(
      (convs): ModuleList(
        (0-3): 4 x GINEConv(
          (MLP): MLP(
            (fcs): ModuleList(
              (0-1): 2 x Linear(in_features=128, out_features=128, bias=True)
            )
            (norms): ModuleList(
              (0-1): 2 x Identity()
            )
            (act_funcs): ModuleList(
              (0-1): 2 x GELU(approximate='none')
            )
            (dropouts): ModuleList(
              (0-1): 2 x Dropout(p=0.0, inplace=False)
            )
          )
          (layer): GINEConv(nn=MLP(
            (fcs): ModuleList(
              (0-1): 2 x Linear(in_features=128, out_features=128, bias=True)
            )
            (norms): ModuleList(
              (0-1): 2 x Identity()
            )
            (act_funcs): ModuleList(
              (0-1): 2 x GELU(approximate='none')
            )
            (dropouts): ModuleList(
              (0-1): 2 x Dropout(p=0.0, inplace=False)
            )
          ))
        )
      )
      (norms): ModuleList(
        (0-3): 4 x RmsNorm()
      )
      (act_funcs): ModuleList(
        (0-3): 4 x GeGLU()
      )
      (projs): ModuleList(
        (0-3): 4 x Linear(in_features=128, out_features=256, bias=True)
      )
      (dropouts): ModuleList(
        (0-3): 4 x Dropout(p=0.0, inplace=False)
      )
      (output_embedding): Linear(in_features=128, out_features=128, bias=True)
    )
    (dropout): Dropout(p=0.0, inplace=False)
  )
  (TransformerEncoder): XAIguiTransformerEncoder(
    (TransformerEncoder): ModuleList(
      (0-5): 6 x XAIguiTransformerEncoderLayer(
        (norm1): RmsNorm()
        (attn): XAIguiAttention(
          (qkv): Linear(in_features=128, out_features=384, bias=True)
          (attn_drop): Dropout(p=0.0, inplace=False)
          (proj): Linear(in_features=128, out_features=128, bias=True)
          (proj_drop): Dropout(p=0.0, inplace=False)
          (rope2D): dRoFE()
        )
        (ls1): LayerScale()
        (drop_path1): Identity()
        (norm2): RmsNorm()
        (mlp): MLP(
          (fcs): ModuleList(
            (0): Linear(in_features=128, out_features=1024, bias=True)
            (1): Linear(in_features=512, out_features=128, bias=True)
          )
          (norms): ModuleList(
            (0-1): 2 x Identity()
          )
          (act_funcs): ModuleList(
            (0-1): 2 x GeGLU()
          )
          (dropouts): ModuleList(
            (0-1): 2 x Dropout(p=0.0, inplace=False)
          )
        )
        (ls2): LayerScale()
        (drop_path2): Identity()
      )
    )
    (avgpool): AvgPool()
    (head): MLP(
      (fcs): ModuleList(
        (0): Linear(in_features=128, out_features=256, bias=True)
        (1): Linear(in_features=128, out_features=2, bias=True)
      )
      (norms): ModuleList(
        (0-1): 2 x Identity()
      )
      (act_funcs): ModuleList(
        (0-1): 2 x GeGLU()
      )
      (dropouts): ModuleList(
        (0-1): 2 x Dropout(p=0.0, inplace=False)
      )
    )
  )
  (explainer): Explainer(
    (explainer): DeepLift()
  )
)
[2026-03-17 22:49:29 - logger] - (main.py - 107): INFO - ----------------------------------- Start training -----------------------------------
