[2026-03-17 09:26:06 - logger] - (main.py - 322): INFO - aug:
  cutmix: 0.2
  cutmix_minmax: null
  mixup: 0.2
  mixup_mode: batch
  mixup_prob: 0.5
  mixup_switch_prob: 0.5
connectome:
  frequency_band:
    beta:
    - 12.0
    - 30.0
    delta:
    - 2.0
    - 4.0
    gamma:
    - 30.0
    - 45.0
    high_alpha:
    - 10.0
    - 12.0
    high_beta:
    - 21.0
    - 30.0
    low_alpha:
    - 8.0
    - 10.0
    low_beta:
    - 12.0
    - 18.0
    mid_beta:
    - 18.0
    - 21.0
    theta:
    - 4.0
    - 8.0
  methods:
  - coh
  - wpli
  path:
    data_dir: <preprocessed-path-to-preprocessed-data>
    save_dir: <save-path-to-connectome>
dataset: ds004504
model:
  attn_drop: 0.0
  dim_edge_feat: 128
  dim_node_feat: 128
  dropout: 0.0
  droppath: 0.0
  explainer_type: DeepLift
  gnn_type: GINEConv
  init_values: 0.001
  mlp_ratio: 4.0
  num_classes: 2
  num_edge_feat: 1
  num_gnn_layer: 4
  num_head: 4
  num_node_feat: 19
  num_transformer_layer: 6
model_name: XAIguiFormer
num_workers: 2
out_root: output
preprocessing:
  h_freq: 45
  ica:
    fit_params:
      extended: true
    ic_label_threshold: 0.0
    method: infomax
    n_components: 20
  l_freq: 1
  line_frequency: 60
  n_jobs: null
  n_workers: 4
  path:
    data_dir: <path-to-raw-dataset>
    electrode_locations: <file-path-to-elec_loc.csv>
    save_dir: <save-path-to-preprocesses-data>
pretrain: false
pretrained_model: ''
print_freq: 1
root: EEGBenchmarkDataset
save_fname: XAIguiFormer_lr4e-05_weightdecay0.0001_20260317_092606
seed: 42
train:
  batch_size: 16
  criterion:
    alpha: 0.7
    smoothing: 0.1
  epochs: 30
  lr_scheduler:
    lr_min: 1.0e-07
    warmup_epochs: 3
    warmup_lr: 1.0e-07
  optimizer:
    betas:
    - 0.9
    - 0.99
    eps: 1.0e-08
    lr: 4.0e-05
    weight_decay: 0.0001

[2026-03-17 09:26:06 - logger] - (main.py - 60): INFO - Creating model:

[2026-03-17 09:26:06 - logger] - (main.py - 85): INFO - XAIguiFormer(
  (ConnectomeEncoder): ConnectomeEncoder(
    (node_embedding): Linear(in_features=19, out_features=128, bias=True)
    (edge_embedding): Linear(in_features=1, out_features=128, bias=True)
    (gnns): GNN(
      (convs): ModuleList(
        (0-3): 4 x GINEConv(
          (MLP): MLP(
            (fcs): ModuleList(
              (0-1): 2 x Linear(in_features=128, out_features=128, bias=True)
            )
            (norms): ModuleList(
              (0-1): 2 x Identity()
            )
            (act_funcs): ModuleList(
              (0-1): 2 x GELU(approximate='none')
            )
            (dropouts): ModuleList(
              (0-1): 2 x Dropout(p=0.0, inplace=False)
            )
          )
          (layer): GINEConv(nn=MLP(
            (fcs): ModuleList(
              (0-1): 2 x Linear(in_features=128, out_features=128, bias=True)
            )
            (norms): ModuleList(
              (0-1): 2 x Identity()
            )
            (act_funcs): ModuleList(
              (0-1): 2 x GELU(approximate='none')
            )
            (dropouts): ModuleList(
              (0-1): 2 x Dropout(p=0.0, inplace=False)
            )
          ))
        )
      )
      (norms): ModuleList(
        (0-3): 4 x RmsNorm()
      )
      (act_funcs): ModuleList(
        (0-3): 4 x GeGLU()
      )
      (projs): ModuleList(
        (0-3): 4 x Linear(in_features=128, out_features=256, bias=True)
      )
      (dropouts): ModuleList(
        (0-3): 4 x Dropout(p=0.0, inplace=False)
      )
      (output_embedding): Linear(in_features=128, out_features=128, bias=True)
    )
    (dropout): Dropout(p=0.0, inplace=False)
  )
  (TransformerEncoder): XAIguiTransformerEncoder(
    (TransformerEncoder): ModuleList(
      (0-5): 6 x XAIguiTransformerEncoderLayer(
        (norm1): RmsNorm()
        (attn): XAIguiAttention(
          (qkv): Linear(in_features=128, out_features=384, bias=True)
          (attn_drop): Dropout(p=0.0, inplace=False)
          (proj): Linear(in_features=128, out_features=128, bias=True)
          (proj_drop): Dropout(p=0.0, inplace=False)
          (rope2D): dRoFE()
        )
        (ls1): LayerScale()
        (drop_path1): Identity()
        (norm2): RmsNorm()
        (mlp): MLP(
          (fcs): ModuleList(
            (0): Linear(in_features=128, out_features=1024, bias=True)
            (1): Linear(in_features=512, out_features=128, bias=True)
          )
          (norms): ModuleList(
            (0-1): 2 x Identity()
          )
          (act_funcs): ModuleList(
            (0-1): 2 x GeGLU()
          )
          (dropouts): ModuleList(
            (0-1): 2 x Dropout(p=0.0, inplace=False)
          )
        )
        (ls2): LayerScale()
        (drop_path2): Identity()
      )
    )
    (avgpool): AvgPool()
    (head): MLP(
      (fcs): ModuleList(
        (0): Linear(in_features=128, out_features=256, bias=True)
        (1): Linear(in_features=128, out_features=2, bias=True)
      )
      (norms): ModuleList(
        (0-1): 2 x Identity()
      )
      (act_funcs): ModuleList(
        (0-1): 2 x GeGLU()
      )
      (dropouts): ModuleList(
        (0-1): 2 x Dropout(p=0.0, inplace=False)
      )
    )
  )
  (explainer): Explainer(
    (explainer): DeepLift()
  )
)
[2026-03-17 09:26:06 - logger] - (main.py - 107): INFO - ----------------------------------- Start training -----------------------------------
[2026-03-17 09:26:10 - logger] - (main.py - 193): INFO - Train: [1/30][1/16]	lr 0.000000	 wd 0.0001	loss 0.7499 (0.7499)	balanced accuracy 50.00%	mem 0MB
[2026-03-17 09:26:10 - logger] - (main.py - 193): INFO - Train: [1/30][2/16]	lr 0.000000	 wd 0.0001	loss 0.7614 (0.7556)	balanced accuracy 50.00%	mem 0MB
[2026-03-17 09:26:10 - logger] - (main.py - 193): INFO - Train: [1/30][3/16]	lr 0.000001	 wd 0.0001	loss 0.6745 (0.7286)	balanced accuracy 50.00%	mem 0MB
[2026-03-17 09:26:11 - logger] - (main.py - 193): INFO - Train: [1/30][4/16]	lr 0.000002	 wd 0.0001	loss 0.7257 (0.7279)	balanced accuracy 50.00%	mem 0MB
[2026-03-17 09:26:11 - logger] - (main.py - 193): INFO - Train: [1/30][5/16]	lr 0.000003	 wd 0.0001	loss 0.7619 (0.7347)	balanced accuracy 50.00%	mem 0MB
[2026-03-17 09:26:12 - logger] - (main.py - 193): INFO - Train: [1/30][6/16]	lr 0.000003	 wd 0.0001	loss 0.7359 (0.7349)	balanced accuracy 50.00%	mem 0MB
[2026-03-17 09:26:12 - logger] - (main.py - 193): INFO - Train: [1/30][7/16]	lr 0.000004	 wd 0.0001	loss 0.7457 (0.7364)	balanced accuracy 50.00%	mem 0MB
[2026-03-17 09:26:13 - logger] - (main.py - 193): INFO - Train: [1/30][8/16]	lr 0.000005	 wd 0.0001	loss 0.7436 (0.7373)	balanced accuracy 50.00%	mem 0MB
[2026-03-17 09:26:13 - logger] - (main.py - 193): INFO - Train: [1/30][9/16]	lr 0.000006	 wd 0.0001	loss 0.6666 (0.7294)	balanced accuracy 50.00%	mem 0MB
[2026-03-17 09:26:14 - logger] - (main.py - 193): INFO - Train: [1/30][10/16]	lr 0.000007	 wd 0.0001	loss 0.7071 (0.7272)	balanced accuracy 50.00%	mem 0MB
[2026-03-17 09:26:14 - logger] - (main.py - 193): INFO - Train: [1/30][11/16]	lr 0.000008	 wd 0.0001	loss 0.7234 (0.7269)	balanced accuracy 50.00%	mem 0MB
[2026-03-17 09:26:14 - logger] - (main.py - 193): INFO - Train: [1/30][12/16]	lr 0.000008	 wd 0.0001	loss 0.7479 (0.7286)	balanced accuracy 50.00%	mem 0MB
[2026-03-17 09:26:15 - logger] - (main.py - 193): INFO - Train: [1/30][13/16]	lr 0.000009	 wd 0.0001	loss 0.7192 (0.7279)	balanced accuracy 50.00%	mem 0MB
[2026-03-17 09:26:15 - logger] - (main.py - 193): INFO - Train: [1/30][14/16]	lr 0.000010	 wd 0.0001	loss 0.7214 (0.7274)	balanced accuracy 50.00%	mem 0MB
[2026-03-17 09:26:16 - logger] - (main.py - 193): INFO - Train: [1/30][15/16]	lr 0.000011	 wd 0.0001	loss 0.7206 (0.7270)	balanced accuracy 50.00%	mem 0MB
[2026-03-17 09:26:16 - logger] - (main.py - 193): INFO - Train: [1/30][16/16]	lr 0.000012	 wd 0.0001	loss 0.6976 (0.7251)	balanced accuracy 50.00%	mem 0MB
[2026-03-17 09:26:17 - logger] - (main.py - 207): INFO - ------------------------------------------------------------
[2026-03-17 09:26:17 - logger] - (main.py - 208): INFO - EPOCH 1: train balanced accuracy 50.00% train takes 0:00:10
[2026-03-17 09:26:17 - logger] - (main.py - 211): INFO - ------------------------------------------------------------
[2026-03-17 09:26:22 - logger] - (main.py - 262): INFO - ############################################################
[2026-03-17 09:26:22 - logger] - (main.py - 263): INFO - Test: 
time 4.867	loss 0.6990	balanced accuracy 50.00%	mem 0MB
[2026-03-17 09:26:22 - logger] - (main.py - 283): INFO - XAI Frequency Band Contributions (Average Importance):
  delta: 0.0012 | theta: 0.0012 | low_alpha: 0.0012 | high_alpha: 0.0012 | low_beta: 0.0012 | mid_beta: 0.0012 | high_beta: 0.0012 | gamma: 0.0012 | theta/beta: 0.0011
[2026-03-17 09:26:22 - logger] - (main.py - 285): INFO - ############################################################
[2026-03-17 09:26:22 - logger] - (main.py - 124): INFO - Max performance: 0.00%
[2026-03-17 09:26:22 - logger] - (main.py - 126): INFO - ********************************************************************************
[2026-03-17 09:26:22 - logger] - (main.py - 127): INFO - Epoch: 001
train balanced accuracy: 50.00%, sensitivity: 50.00%, aucpr: 0.5427, auroc: 0.4295, loss: 0.7251
val balanced accuracy: 50.00%, sensitivity: 50.00%, aucpr: 0.6667, auroc: 0.5000, loss: 0.6990
test balanced accuracy: 0.00%, sensitivity: 0.00%, aucpr: 0.0000, auroc: 0.0000, loss: 0.0000

[2026-03-17 09:26:22 - logger] - (main.py - 132): INFO - ********************************************************************************
[2026-03-17 09:26:25 - logger] - (main.py - 193): INFO - Train: [2/30][1/16]	lr 0.000013	 wd 0.0001	loss 0.7043 (0.7043)	balanced accuracy 50.00%	mem 0MB
[2026-03-17 09:26:26 - logger] - (main.py - 193): INFO - Train: [2/30][2/16]	lr 0.000013	 wd 0.0001	loss 0.6966 (0.7005)	balanced accuracy 50.00%	mem 0MB
[2026-03-17 09:26:26 - logger] - (main.py - 193): INFO - Train: [2/30][3/16]	lr 0.000014	 wd 0.0001	loss 0.6957 (0.6989)	balanced accuracy 25.00%	mem 0MB
[2026-03-17 09:26:26 - logger] - (main.py - 193): INFO - Train: [2/30][4/16]	lr 0.000015	 wd 0.0001	loss 0.6899 (0.6966)	balanced accuracy 50.00%	mem 0MB
[2026-03-17 09:26:27 - logger] - (main.py - 193): INFO - Train: [2/30][5/16]	lr 0.000016	 wd 0.0001	loss 0.6849 (0.6943)	balanced accuracy 50.00%	mem 0MB
[2026-03-17 09:26:27 - logger] - (main.py - 193): INFO - Train: [2/30][6/16]	lr 0.000017	 wd 0.0001	loss 0.6798 (0.6919)	balanced accuracy 50.00%	mem 0MB
[2026-03-17 09:26:28 - logger] - (main.py - 193): INFO - Train: [2/30][7/16]	lr 0.000018	 wd 0.0001	loss 0.6881 (0.6913)	balanced accuracy 50.00%	mem 0MB
[2026-03-17 09:26:28 - logger] - (main.py - 193): INFO - Train: [2/30][8/16]	lr 0.000018	 wd 0.0001	loss 0.6234 (0.6829)	balanced accuracy 50.00%	mem 0MB
[2026-03-17 09:26:28 - logger] - (main.py - 193): INFO - Train: [2/30][9/16]	lr 0.000019	 wd 0.0001	loss 0.6875 (0.6834)	balanced accuracy 50.00%	mem 0MB
[2026-03-17 09:26:29 - logger] - (main.py - 193): INFO - Train: [2/30][10/16]	lr 0.000020	 wd 0.0001	loss 0.6204 (0.6771)	balanced accuracy 50.00%	mem 0MB
[2026-03-17 09:26:29 - logger] - (main.py - 193): INFO - Train: [2/30][11/16]	lr 0.000021	 wd 0.0001	loss 0.6410 (0.6738)	balanced accuracy 50.00%	mem 0MB
[2026-03-17 09:26:30 - logger] - (main.py - 193): INFO - Train: [2/30][12/16]	lr 0.000022	 wd 0.0001	loss 0.7056 (0.6764)	balanced accuracy 50.00%	mem 0MB
[2026-03-17 09:26:30 - logger] - (main.py - 193): INFO - Train: [2/30][13/16]	lr 0.000023	 wd 0.0001	loss 0.7066 (0.6788)	balanced accuracy 50.00%	mem 0MB
[2026-03-17 09:26:31 - logger] - (main.py - 193): INFO - Train: [2/30][14/16]	lr 0.000023	 wd 0.0001	loss 0.6431 (0.6762)	balanced accuracy 50.00%	mem 0MB
[2026-03-17 09:26:31 - logger] - (main.py - 193): INFO - Train: [2/30][15/16]	lr 0.000024	 wd 0.0001	loss 0.5995 (0.6711)	balanced accuracy 50.00%	mem 0MB
[2026-03-17 09:26:32 - logger] - (main.py - 193): INFO - Train: [2/30][16/16]	lr 0.000025	 wd 0.0001	loss 0.7988 (0.6791)	balanced accuracy 50.00%	mem 0MB
[2026-03-17 09:26:32 - logger] - (main.py - 207): INFO - ------------------------------------------------------------
[2026-03-17 09:26:32 - logger] - (main.py - 208): INFO - EPOCH 2: train balanced accuracy 48.44% train takes 0:00:10
[2026-03-17 09:26:32 - logger] - (main.py - 211): INFO - ------------------------------------------------------------
[2026-03-17 09:26:37 - logger] - (main.py - 262): INFO - ############################################################
[2026-03-17 09:26:37 - logger] - (main.py - 263): INFO - Test: 
time 4.734	loss 0.6429	balanced accuracy 50.00%	mem 0MB
[2026-03-17 09:26:37 - logger] - (main.py - 283): INFO - XAI Frequency Band Contributions (Average Importance):
  delta: 0.0011 | theta: 0.0011 | low_alpha: 0.0011 | high_alpha: 0.0011 | low_beta: 0.0011 | mid_beta: 0.0011 | high_beta: 0.0011 | gamma: 0.0011 | theta/beta: 0.0010
[2026-03-17 09:26:37 - logger] - (main.py - 285): INFO - ############################################################
[2026-03-17 09:26:37 - logger] - (main.py - 124): INFO - Max performance: 0.00%
[2026-03-17 09:26:37 - logger] - (main.py - 126): INFO - ********************************************************************************
[2026-03-17 09:26:37 - logger] - (main.py - 127): INFO - Epoch: 002
train balanced accuracy: 48.44%, sensitivity: 51.56%, aucpr: 0.5206, auroc: 0.4023, loss: 0.6791
val balanced accuracy: 50.00%, sensitivity: 50.00%, aucpr: 1.0000, auroc: 1.0000, loss: 0.6429
test balanced accuracy: 0.00%, sensitivity: 0.00%, aucpr: 0.0000, auroc: 0.0000, loss: 0.0000

[2026-03-17 09:26:37 - logger] - (main.py - 132): INFO - ********************************************************************************
[2026-03-17 09:26:41 - logger] - (main.py - 193): INFO - Train: [3/30][1/16]	lr 0.000026	 wd 0.0001	loss 0.5881 (0.5881)	balanced accuracy 50.00%	mem 0MB
[2026-03-17 09:26:41 - logger] - (main.py - 193): INFO - Train: [3/30][2/16]	lr 0.000027	 wd 0.0001	loss 0.6104 (0.5993)	balanced accuracy 50.00%	mem 0MB
[2026-03-17 09:26:41 - logger] - (main.py - 193): INFO - Train: [3/30][3/16]	lr 0.000028	 wd 0.0001	loss 0.6361 (0.6115)	balanced accuracy 50.00%	mem 0MB
[2026-03-17 09:26:41 - logger] - (main.py - 193): INFO - Train: [3/30][4/16]	lr 0.000028	 wd 0.0001	loss 0.6052 (0.6100)	balanced accuracy 50.00%	mem 0MB
[2026-03-17 09:26:42 - logger] - (main.py - 193): INFO - Train: [3/30][5/16]	lr 0.000029	 wd 0.0001	loss 0.7329 (0.6345)	balanced accuracy 50.00%	mem 0MB
[2026-03-17 09:26:42 - logger] - (main.py - 193): INFO - Train: [3/30][6/16]	lr 0.000030	 wd 0.0001	loss 0.5686 (0.6236)	balanced accuracy 50.00%	mem 0MB
[2026-03-17 09:26:43 - logger] - (main.py - 193): INFO - Train: [3/30][7/16]	lr 0.000031	 wd 0.0001	loss 0.6682 (0.6299)	balanced accuracy 50.00%	mem 0MB
[2026-03-17 09:26:43 - logger] - (main.py - 193): INFO - Train: [3/30][8/16]	lr 0.000032	 wd 0.0001	loss 0.6705 (0.6350)	balanced accuracy 50.00%	mem 0MB
[2026-03-17 09:26:44 - logger] - (main.py - 193): INFO - Train: [3/30][9/16]	lr 0.000033	 wd 0.0001	loss 0.7107 (0.6434)	balanced accuracy 50.00%	mem 0MB
[2026-03-17 09:26:44 - logger] - (main.py - 193): INFO - Train: [3/30][10/16]	lr 0.000033	 wd 0.0001	loss 0.5961 (0.6387)	balanced accuracy 50.00%	mem 0MB
[2026-03-17 09:26:45 - logger] - (main.py - 193): INFO - Train: [3/30][11/16]	lr 0.000034	 wd 0.0001	loss 0.7113 (0.6453)	balanced accuracy 50.00%	mem 0MB
[2026-03-17 09:26:45 - logger] - (main.py - 193): INFO - Train: [3/30][12/16]	lr 0.000035	 wd 0.0001	loss 0.6730 (0.6476)	balanced accuracy 50.00%	mem 0MB
[2026-03-17 09:26:46 - logger] - (main.py - 193): INFO - Train: [3/30][13/16]	lr 0.000036	 wd 0.0001	loss 0.6346 (0.6466)	balanced accuracy 50.00%	mem 0MB
[2026-03-17 09:26:46 - logger] - (main.py - 193): INFO - Train: [3/30][14/16]	lr 0.000037	 wd 0.0001	loss 0.6335 (0.6457)	balanced accuracy 50.00%	mem 0MB
[2026-03-17 09:26:47 - logger] - (main.py - 193): INFO - Train: [3/30][15/16]	lr 0.000038	 wd 0.0001	loss 0.5958 (0.6423)	balanced accuracy 50.00%	mem 0MB
[2026-03-17 09:26:47 - logger] - (main.py - 193): INFO - Train: [3/30][16/16]	lr 0.000038	 wd 0.0001	loss 0.5936 (0.6393)	balanced accuracy 50.00%	mem 0MB
[2026-03-17 09:26:48 - logger] - (main.py - 207): INFO - ------------------------------------------------------------
[2026-03-17 09:26:48 - logger] - (main.py - 208): INFO - EPOCH 3: train balanced accuracy 50.00% train takes 0:00:10
[2026-03-17 09:26:48 - logger] - (main.py - 211): INFO - ------------------------------------------------------------
[2026-03-17 09:26:53 - logger] - (main.py - 262): INFO - ############################################################
[2026-03-17 09:26:53 - logger] - (main.py - 263): INFO - Test: 
time 5.464	loss 0.6401	balanced accuracy 50.00%	mem 0MB
[2026-03-17 09:26:53 - logger] - (main.py - 283): INFO - XAI Frequency Band Contributions (Average Importance):
  delta: 0.0011 | theta: 0.0011 | low_alpha: 0.0011 | high_alpha: 0.0011 | low_beta: 0.0011 | mid_beta: 0.0011 | high_beta: 0.0011 | gamma: 0.0011 | theta/beta: 0.0011
[2026-03-17 09:26:53 - logger] - (main.py - 285): INFO - ############################################################
[2026-03-17 09:26:53 - logger] - (main.py - 124): INFO - Max performance: 0.00%
[2026-03-17 09:26:53 - logger] - (main.py - 126): INFO - ********************************************************************************
[2026-03-17 09:26:53 - logger] - (main.py - 127): INFO - Epoch: 003
train balanced accuracy: 50.00%, sensitivity: 50.00%, aucpr: 0.6034, auroc: 0.5589, loss: 0.6393
val balanced accuracy: 50.00%, sensitivity: 50.00%, aucpr: 1.0000, auroc: 1.0000, loss: 0.6401
test balanced accuracy: 0.00%, sensitivity: 0.00%, aucpr: 0.0000, auroc: 0.0000, loss: 0.0000

[2026-03-17 09:26:53 - logger] - (main.py - 132): INFO - ********************************************************************************
[2026-03-17 09:26:57 - logger] - (main.py - 193): INFO - Train: [4/30][1/16]	lr 0.000039	 wd 0.0001	loss 0.6678 (0.6678)	balanced accuracy 50.00%	mem 0MB
[2026-03-17 09:26:57 - logger] - (main.py - 193): INFO - Train: [4/30][2/16]	lr 0.000039	 wd 0.0001	loss 0.6718 (0.6698)	balanced accuracy 50.00%	mem 0MB
[2026-03-17 09:26:58 - logger] - (main.py - 193): INFO - Train: [4/30][3/16]	lr 0.000039	 wd 0.0001	loss 0.6723 (0.6706)	balanced accuracy 50.00%	mem 0MB
[2026-03-17 09:26:58 - logger] - (main.py - 193): INFO - Train: [4/30][4/16]	lr 0.000039	 wd 0.0001	loss 0.6349 (0.6617)	balanced accuracy 50.00%	mem 0MB
[2026-03-17 09:26:59 - logger] - (main.py - 193): INFO - Train: [4/30][5/16]	lr 0.000039	 wd 0.0001	loss 0.5515 (0.6397)	balanced accuracy 50.00%	mem 0MB
[2026-03-17 09:26:59 - logger] - (main.py - 193): INFO - Train: [4/30][6/16]	lr 0.000039	 wd 0.0001	loss 0.5960 (0.6324)	balanced accuracy 50.00%	mem 0MB
[2026-03-17 09:27:00 - logger] - (main.py - 193): INFO - Train: [4/30][7/16]	lr 0.000039	 wd 0.0001	loss 0.6312 (0.6322)	balanced accuracy 50.00%	mem 0MB
[2026-03-17 09:27:00 - logger] - (main.py - 193): INFO - Train: [4/30][8/16]	lr 0.000039	 wd 0.0001	loss 0.7067 (0.6415)	balanced accuracy 50.00%	mem 0MB
[2026-03-17 09:27:00 - logger] - (main.py - 193): INFO - Train: [4/30][9/16]	lr 0.000039	 wd 0.0001	loss 0.5501 (0.6314)	balanced accuracy 50.00%	mem 0MB
[2026-03-17 09:27:01 - logger] - (main.py - 193): INFO - Train: [4/30][10/16]	lr 0.000039	 wd 0.0001	loss 0.7094 (0.6392)	balanced accuracy 50.00%	mem 0MB
[2026-03-17 09:27:01 - logger] - (main.py - 193): INFO - Train: [4/30][11/16]	lr 0.000039	 wd 0.0001	loss 0.5876 (0.6345)	balanced accuracy 50.00%	mem 0MB
[2026-03-17 09:27:02 - logger] - (main.py - 193): INFO - Train: [4/30][12/16]	lr 0.000039	 wd 0.0001	loss 0.6649 (0.6370)	balanced accuracy 50.00%	mem 0MB
[2026-03-17 09:27:02 - logger] - (main.py - 193): INFO - Train: [4/30][13/16]	lr 0.000039	 wd 0.0001	loss 0.6271 (0.6363)	balanced accuracy 50.00%	mem 0MB
[2026-03-17 09:27:03 - logger] - (main.py - 193): INFO - Train: [4/30][14/16]	lr 0.000038	 wd 0.0001	loss 0.7810 (0.6466)	balanced accuracy 50.00%	mem 0MB
[2026-03-17 09:27:03 - logger] - (main.py - 193): INFO - Train: [4/30][15/16]	lr 0.000038	 wd 0.0001	loss 0.7006 (0.6502)	balanced accuracy 50.00%	mem 0MB
[2026-03-17 09:27:04 - logger] - (main.py - 193): INFO - Train: [4/30][16/16]	lr 0.000038	 wd 0.0001	loss 0.5595 (0.6445)	balanced accuracy 50.00%	mem 0MB
[2026-03-17 09:27:05 - logger] - (main.py - 207): INFO - ------------------------------------------------------------
[2026-03-17 09:27:05 - logger] - (main.py - 208): INFO - EPOCH 4: train balanced accuracy 50.00% train takes 0:00:11
[2026-03-17 09:27:05 - logger] - (main.py - 211): INFO - ------------------------------------------------------------
[2026-03-17 09:27:10 - logger] - (main.py - 262): INFO - ############################################################
[2026-03-17 09:27:10 - logger] - (main.py - 263): INFO - Test: 
time 5.059	loss 0.6438	balanced accuracy 50.00%	mem 0MB
[2026-03-17 09:27:10 - logger] - (main.py - 283): INFO - XAI Frequency Band Contributions (Average Importance):
  delta: 0.0011 | theta: 0.0011 | low_alpha: 0.0011 | high_alpha: 0.0011 | low_beta: 0.0011 | mid_beta: 0.0011 | high_beta: 0.0011 | gamma: 0.0011 | theta/beta: 0.0011
[2026-03-17 09:27:10 - logger] - (main.py - 285): INFO - ############################################################
[2026-03-17 09:27:10 - logger] - (main.py - 124): INFO - Max performance: 0.00%
[2026-03-17 09:27:10 - logger] - (main.py - 126): INFO - ********************************************************************************
[2026-03-17 09:27:10 - logger] - (main.py - 127): INFO - Epoch: 004
train balanced accuracy: 50.00%, sensitivity: 50.00%, aucpr: 0.7806, auroc: 0.7703, loss: 0.6445
val balanced accuracy: 50.00%, sensitivity: 50.00%, aucpr: 1.0000, auroc: 1.0000, loss: 0.6438
test balanced accuracy: 0.00%, sensitivity: 0.00%, aucpr: 0.0000, auroc: 0.0000, loss: 0.0000

[2026-03-17 09:27:10 - logger] - (main.py - 132): INFO - ********************************************************************************
[2026-03-17 09:27:13 - logger] - (main.py - 193): INFO - Train: [5/30][1/16]	lr 0.000038	 wd 0.0001	loss 0.5950 (0.5950)	balanced accuracy 50.00%	mem 0MB
[2026-03-17 09:27:13 - logger] - (main.py - 193): INFO - Train: [5/30][2/16]	lr 0.000038	 wd 0.0001	loss 0.6265 (0.6107)	balanced accuracy 50.00%	mem 0MB
[2026-03-17 09:27:14 - logger] - (main.py - 193): INFO - Train: [5/30][3/16]	lr 0.000038	 wd 0.0001	loss 0.6626 (0.6280)	balanced accuracy 50.00%	mem 0MB
[2026-03-17 09:27:14 - logger] - (main.py - 193): INFO - Train: [5/30][4/16]	lr 0.000038	 wd 0.0001	loss 0.6227 (0.6267)	balanced accuracy 50.00%	mem 0MB
[2026-03-17 09:27:15 - logger] - (main.py - 193): INFO - Train: [5/30][5/16]	lr 0.000038	 wd 0.0001	loss 0.6584 (0.6330)	balanced accuracy 50.00%	mem 0MB
[2026-03-17 09:27:15 - logger] - (main.py - 193): INFO - Train: [5/30][6/16]	lr 0.000038	 wd 0.0001	loss 0.6594 (0.6374)	balanced accuracy 50.00%	mem 0MB
[2026-03-17 09:27:16 - logger] - (main.py - 193): INFO - Train: [5/30][7/16]	lr 0.000038	 wd 0.0001	loss 0.6290 (0.6362)	balanced accuracy 50.00%	mem 0MB
[2026-03-17 09:27:16 - logger] - (main.py - 193): INFO - Train: [5/30][8/16]	lr 0.000038	 wd 0.0001	loss 0.5420 (0.6245)	balanced accuracy 50.00%	mem 0MB
[2026-03-17 09:27:17 - logger] - (main.py - 193): INFO - Train: [5/30][9/16]	lr 0.000038	 wd 0.0001	loss 0.5925 (0.6209)	balanced accuracy 50.00%	mem 0MB
[2026-03-17 09:27:17 - logger] - (main.py - 193): INFO - Train: [5/30][10/16]	lr 0.000038	 wd 0.0001	loss 0.6895 (0.6278)	balanced accuracy 50.00%	mem 0MB
[2026-03-17 09:27:18 - logger] - (main.py - 193): INFO - Train: [5/30][11/16]	lr 0.000038	 wd 0.0001	loss 0.6266 (0.6277)	balanced accuracy 50.00%	mem 0MB
[2026-03-17 09:27:18 - logger] - (main.py - 193): INFO - Train: [5/30][12/16]	lr 0.000038	 wd 0.0001	loss 0.6236 (0.6273)	balanced accuracy 50.00%	mem 0MB
[2026-03-17 09:27:19 - logger] - (main.py - 193): INFO - Train: [5/30][13/16]	lr 0.000038	 wd 0.0001	loss 0.5959 (0.6249)	balanced accuracy 50.00%	mem 0MB
[2026-03-17 09:27:19 - logger] - (main.py - 193): INFO - Train: [5/30][14/16]	lr 0.000038	 wd 0.0001	loss 0.7002 (0.6303)	balanced accuracy 50.00%	mem 0MB
[2026-03-17 09:27:20 - logger] - (main.py - 193): INFO - Train: [5/30][15/16]	lr 0.000038	 wd 0.0001	loss 0.6543 (0.6319)	balanced accuracy 50.00%	mem 0MB
[2026-03-17 09:27:20 - logger] - (main.py - 193): INFO - Train: [5/30][16/16]	lr 0.000037	 wd 0.0001	loss 0.6476 (0.6329)	balanced accuracy 50.00%	mem 0MB
[2026-03-17 09:27:21 - logger] - (main.py - 207): INFO - ------------------------------------------------------------
[2026-03-17 09:27:21 - logger] - (main.py - 208): INFO - EPOCH 5: train balanced accuracy 50.00% train takes 0:00:11
[2026-03-17 09:27:21 - logger] - (main.py - 211): INFO - ------------------------------------------------------------
[2026-03-17 09:27:26 - logger] - (main.py - 262): INFO - ############################################################
[2026-03-17 09:27:26 - logger] - (main.py - 263): INFO - Test: 
time 4.790	loss 0.6497	balanced accuracy 50.00%	mem 0MB
[2026-03-17 09:27:26 - logger] - (main.py - 283): INFO - XAI Frequency Band Contributions (Average Importance):
  delta: 0.0011 | theta: 0.0011 | low_alpha: 0.0011 | high_alpha: 0.0011 | low_beta: 0.0011 | mid_beta: 0.0011 | high_beta: 0.0011 | gamma: 0.0011 | theta/beta: 0.0011
[2026-03-17 09:27:26 - logger] - (main.py - 285): INFO - ############################################################
[2026-03-17 09:27:26 - logger] - (main.py - 124): INFO - Max performance: 0.00%
[2026-03-17 09:27:26 - logger] - (main.py - 126): INFO - ********************************************************************************
[2026-03-17 09:27:26 - logger] - (main.py - 127): INFO - Epoch: 005
train balanced accuracy: 50.00%, sensitivity: 50.00%, aucpr: 0.7880, auroc: 0.7812, loss: 0.6329
val balanced accuracy: 50.00%, sensitivity: 50.00%, aucpr: 0.4583, auroc: 0.0000, loss: 0.6497
test balanced accuracy: 0.00%, sensitivity: 0.00%, aucpr: 0.0000, auroc: 0.0000, loss: 0.0000

[2026-03-17 09:27:26 - logger] - (main.py - 132): INFO - ********************************************************************************
[2026-03-17 09:27:29 - logger] - (main.py - 193): INFO - Train: [6/30][1/16]	lr 0.000037	 wd 0.0001	loss 0.6131 (0.6131)	balanced accuracy 50.00%	mem 0MB
[2026-03-17 09:27:29 - logger] - (main.py - 193): INFO - Train: [6/30][2/16]	lr 0.000037	 wd 0.0001	loss 0.6502 (0.6317)	balanced accuracy 50.00%	mem 0MB
[2026-03-17 09:27:30 - logger] - (main.py - 193): INFO - Train: [6/30][3/16]	lr 0.000037	 wd 0.0001	loss 0.7806 (0.6813)	balanced accuracy 50.00%	mem 0MB
[2026-03-17 09:27:30 - logger] - (main.py - 193): INFO - Train: [6/30][4/16]	lr 0.000037	 wd 0.0001	loss 0.6213 (0.6663)	balanced accuracy 50.00%	mem 0MB
[2026-03-17 09:27:30 - logger] - (main.py - 193): INFO - Train: [6/30][5/16]	lr 0.000037	 wd 0.0001	loss 0.6140 (0.6558)	balanced accuracy 50.00%	mem 0MB
[2026-03-17 09:27:31 - logger] - (main.py - 193): INFO - Train: [6/30][6/16]	lr 0.000037	 wd 0.0001	loss 0.6191 (0.6497)	balanced accuracy 50.00%	mem 0MB
[2026-03-17 09:27:31 - logger] - (main.py - 193): INFO - Train: [6/30][7/16]	lr 0.000037	 wd 0.0001	loss 0.6587 (0.6510)	balanced accuracy 50.00%	mem 0MB
[2026-03-17 09:27:32 - logger] - (main.py - 193): INFO - Train: [6/30][8/16]	lr 0.000037	 wd 0.0001	loss 0.6201 (0.6471)	balanced accuracy 50.00%	mem 0MB
[2026-03-17 09:27:32 - logger] - (main.py - 193): INFO - Train: [6/30][9/16]	lr 0.000037	 wd 0.0001	loss 0.6374 (0.6461)	balanced accuracy 50.00%	mem 0MB
[2026-03-17 09:27:32 - logger] - (main.py - 193): INFO - Train: [6/30][10/16]	lr 0.000037	 wd 0.0001	loss 0.5829 (0.6397)	balanced accuracy 50.00%	mem 0MB
[2026-03-17 09:27:33 - logger] - (main.py - 193): INFO - Train: [6/30][11/16]	lr 0.000037	 wd 0.0001	loss 0.6284 (0.6387)	balanced accuracy 50.00%	mem 0MB
[2026-03-17 09:27:33 - logger] - (main.py - 193): INFO - Train: [6/30][12/16]	lr 0.000037	 wd 0.0001	loss 0.5995 (0.6354)	balanced accuracy 50.00%	mem 0MB
[2026-03-17 09:27:34 - logger] - (main.py - 193): INFO - Train: [6/30][13/16]	lr 0.000037	 wd 0.0001	loss 0.5766 (0.6309)	balanced accuracy 50.00%	mem 0MB
[2026-03-17 09:27:34 - logger] - (main.py - 193): INFO - Train: [6/30][14/16]	lr 0.000036	 wd 0.0001	loss 0.6074 (0.6292)	balanced accuracy 50.00%	mem 0MB
[2026-03-17 09:27:35 - logger] - (main.py - 193): INFO - Train: [6/30][15/16]	lr 0.000036	 wd 0.0001	loss 0.6418 (0.6301)	balanced accuracy 50.00%	mem 0MB
[2026-03-17 09:27:35 - logger] - (main.py - 193): INFO - Train: [6/30][16/16]	lr 0.000036	 wd 0.0001	loss 0.5306 (0.6239)	balanced accuracy 50.00%	mem 0MB
[2026-03-17 09:27:36 - logger] - (main.py - 207): INFO - ------------------------------------------------------------
[2026-03-17 09:27:36 - logger] - (main.py - 208): INFO - EPOCH 6: train balanced accuracy 50.00% train takes 0:00:10
[2026-03-17 09:27:36 - logger] - (main.py - 211): INFO - ------------------------------------------------------------
[2026-03-17 09:27:41 - logger] - (main.py - 262): INFO - ############################################################
[2026-03-17 09:27:41 - logger] - (main.py - 263): INFO - Test: 
time 4.834	loss 0.6626	balanced accuracy 50.00%	mem 0MB
[2026-03-17 09:27:41 - logger] - (main.py - 283): INFO - XAI Frequency Band Contributions (Average Importance):
  delta: 0.0011 | theta: 0.0011 | low_alpha: 0.0011 | high_alpha: 0.0012 | low_beta: 0.0011 | mid_beta: 0.0011 | high_beta: 0.0011 | gamma: 0.0011 | theta/beta: 0.0012
[2026-03-17 09:27:41 - logger] - (main.py - 285): INFO - ############################################################
[2026-03-17 09:27:41 - logger] - (main.py - 124): INFO - Max performance: 0.00%
[2026-03-17 09:27:41 - logger] - (main.py - 126): INFO - ********************************************************************************
[2026-03-17 09:27:41 - logger] - (main.py - 127): INFO - Epoch: 006
train balanced accuracy: 50.00%, sensitivity: 50.00%, aucpr: 0.8735, auroc: 0.8776, loss: 0.6239
val balanced accuracy: 50.00%, sensitivity: 50.00%, aucpr: 0.4583, auroc: 0.0000, loss: 0.6626
test balanced accuracy: 0.00%, sensitivity: 0.00%, aucpr: 0.0000, auroc: 0.0000, loss: 0.0000

[2026-03-17 09:27:41 - logger] - (main.py - 132): INFO - ********************************************************************************
[2026-03-17 09:27:44 - logger] - (main.py - 193): INFO - Train: [7/30][1/16]	lr 0.000036	 wd 0.0001	loss 0.7671 (0.7671)	balanced accuracy 50.00%	mem 0MB
[2026-03-17 09:27:45 - logger] - (main.py - 193): INFO - Train: [7/30][2/16]	lr 0.000036	 wd 0.0001	loss 0.4444 (0.6057)	balanced accuracy 50.00%	mem 0MB
[2026-03-17 09:27:45 - logger] - (main.py - 193): INFO - Train: [7/30][3/16]	lr 0.000036	 wd 0.0001	loss 0.6744 (0.6286)	balanced accuracy 50.00%	mem 0MB
[2026-03-17 09:27:45 - logger] - (main.py - 193): INFO - Train: [7/30][4/16]	lr 0.000036	 wd 0.0001	loss 0.5557 (0.6104)	balanced accuracy 50.00%	mem 0MB
[2026-03-17 09:27:46 - logger] - (main.py - 193): INFO - Train: [7/30][5/16]	lr 0.000036	 wd 0.0001	loss 0.5143 (0.5912)	balanced accuracy 50.00%	mem 0MB
[2026-03-17 09:27:46 - logger] - (main.py - 193): INFO - Train: [7/30][6/16]	lr 0.000036	 wd 0.0001	loss 0.5450 (0.5835)	balanced accuracy 50.00%	mem 0MB
[2026-03-17 09:27:47 - logger] - (main.py - 193): INFO - Train: [7/30][7/16]	lr 0.000036	 wd 0.0001	loss 0.6511 (0.5931)	balanced accuracy 50.00%	mem 0MB
[2026-03-17 09:27:47 - logger] - (main.py - 193): INFO - Train: [7/30][8/16]	lr 0.000036	 wd 0.0001	loss 0.5510 (0.5879)	balanced accuracy 50.00%	mem 0MB
[2026-03-17 09:27:48 - logger] - (main.py - 193): INFO - Train: [7/30][9/16]	lr 0.000036	 wd 0.0001	loss 0.6152 (0.5909)	balanced accuracy 50.00%	mem 0MB
[2026-03-17 09:27:48 - logger] - (main.py - 193): INFO - Train: [7/30][10/16]	lr 0.000036	 wd 0.0001	loss 0.5557 (0.5874)	balanced accuracy 50.00%	mem 0MB
[2026-03-17 09:27:49 - logger] - (main.py - 193): INFO - Train: [7/30][11/16]	lr 0.000035	 wd 0.0001	loss 0.7186 (0.5993)	balanced accuracy 50.00%	mem 0MB
[2026-03-17 09:27:49 - logger] - (main.py - 193): INFO - Train: [7/30][12/16]	lr 0.000035	 wd 0.0001	loss 0.5723 (0.5971)	balanced accuracy 50.00%	mem 0MB
[2026-03-17 09:27:50 - logger] - (main.py - 193): INFO - Train: [7/30][13/16]	lr 0.000035	 wd 0.0001	loss 0.6330 (0.5998)	balanced accuracy 50.00%	mem 0MB
[2026-03-17 09:27:50 - logger] - (main.py - 193): INFO - Train: [7/30][14/16]	lr 0.000035	 wd 0.0001	loss 0.5425 (0.5957)	balanced accuracy 50.00%	mem 0MB
[2026-03-17 09:27:51 - logger] - (main.py - 193): INFO - Train: [7/30][15/16]	lr 0.000035	 wd 0.0001	loss 0.5845 (0.5950)	balanced accuracy 50.00%	mem 0MB
[2026-03-17 09:27:51 - logger] - (main.py - 193): INFO - Train: [7/30][16/16]	lr 0.000035	 wd 0.0001	loss 0.5650 (0.5931)	balanced accuracy 60.00%	mem 0MB
[2026-03-17 09:27:52 - logger] - (main.py - 207): INFO - ------------------------------------------------------------
[2026-03-17 09:27:52 - logger] - (main.py - 208): INFO - EPOCH 7: train balanced accuracy 50.63% train takes 0:00:11
[2026-03-17 09:27:52 - logger] - (main.py - 211): INFO - ------------------------------------------------------------
[2026-03-17 09:27:57 - logger] - (main.py - 262): INFO - ############################################################
[2026-03-17 09:27:57 - logger] - (main.py - 263): INFO - Test: 
time 4.938	loss 0.7032	balanced accuracy 50.00%	mem 0MB
[2026-03-17 09:27:57 - logger] - (main.py - 283): INFO - XAI Frequency Band Contributions (Average Importance):
  delta: 0.0012 | theta: 0.0012 | low_alpha: 0.0012 | high_alpha: 0.0012 | low_beta: 0.0012 | mid_beta: 0.0012 | high_beta: 0.0012 | gamma: 0.0012 | theta/beta: 0.0012
[2026-03-17 09:27:57 - logger] - (main.py - 285): INFO - ############################################################
[2026-03-17 09:27:57 - logger] - (main.py - 124): INFO - Max performance: 0.00%
[2026-03-17 09:27:57 - logger] - (main.py - 126): INFO - ********************************************************************************
[2026-03-17 09:27:57 - logger] - (main.py - 127): INFO - Epoch: 007
train balanced accuracy: 50.63%, sensitivity: 50.63%, aucpr: 0.9050, auroc: 0.9211, loss: 0.5931
val balanced accuracy: 50.00%, sensitivity: 50.00%, aucpr: 0.4583, auroc: 0.0000, loss: 0.7032
test balanced accuracy: 0.00%, sensitivity: 0.00%, aucpr: 0.0000, auroc: 0.0000, loss: 0.0000

[2026-03-17 09:27:57 - logger] - (main.py - 132): INFO - ********************************************************************************
[2026-03-17 09:28:00 - logger] - (main.py - 193): INFO - Train: [8/30][1/16]	lr 0.000035	 wd 0.0001	loss 0.5859 (0.5859)	balanced accuracy 50.00%	mem 0MB
[2026-03-17 09:28:01 - logger] - (main.py - 193): INFO - Train: [8/30][2/16]	lr 0.000035	 wd 0.0001	loss 0.5482 (0.5670)	balanced accuracy 50.00%	mem 0MB
[2026-03-17 09:28:01 - logger] - (main.py - 193): INFO - Train: [8/30][3/16]	lr 0.000035	 wd 0.0001	loss 0.5947 (0.5763)	balanced accuracy 50.00%	mem 0MB
[2026-03-17 09:28:01 - logger] - (main.py - 193): INFO - Train: [8/30][4/16]	lr 0.000035	 wd 0.0001	loss 0.6156 (0.5861)	balanced accuracy 50.00%	mem 0MB
[2026-03-17 09:28:02 - logger] - (main.py - 193): INFO - Train: [8/30][5/16]	lr 0.000035	 wd 0.0001	loss 0.6639 (0.6017)	balanced accuracy 50.00%	mem 0MB
[2026-03-17 09:28:02 - logger] - (main.py - 193): INFO - Train: [8/30][6/16]	lr 0.000035	 wd 0.0001	loss 0.5121 (0.5867)	balanced accuracy 50.00%	mem 0MB
[2026-03-17 09:28:03 - logger] - (main.py - 193): INFO - Train: [8/30][7/16]	lr 0.000034	 wd 0.0001	loss 0.5859 (0.5866)	balanced accuracy 50.00%	mem 0MB
[2026-03-17 09:28:03 - logger] - (main.py - 193): INFO - Train: [8/30][8/16]	lr 0.000034	 wd 0.0001	loss 0.5529 (0.5824)	balanced accuracy 50.00%	mem 0MB
[2026-03-17 09:28:04 - logger] - (main.py - 193): INFO - Train: [8/30][9/16]	lr 0.000034	 wd 0.0001	loss 0.5395 (0.5776)	balanced accuracy 50.00%	mem 0MB
[2026-03-17 09:28:04 - logger] - (main.py - 193): INFO - Train: [8/30][10/16]	lr 0.000034	 wd 0.0001	loss 0.4518 (0.5651)	balanced accuracy 66.67%	mem 0MB
[2026-03-17 09:28:05 - logger] - (main.py - 193): INFO - Train: [8/30][11/16]	lr 0.000034	 wd 0.0001	loss 0.6127 (0.5694)	balanced accuracy 50.00%	mem 0MB
[2026-03-17 09:28:05 - logger] - (main.py - 193): INFO - Train: [8/30][12/16]	lr 0.000034	 wd 0.0001	loss 0.5031 (0.5639)	balanced accuracy 60.00%	mem 0MB
[2026-03-17 09:28:06 - logger] - (main.py - 193): INFO - Train: [8/30][13/16]	lr 0.000034	 wd 0.0001	loss 0.4906 (0.5582)	balanced accuracy 50.00%	mem 0MB
[2026-03-17 09:28:06 - logger] - (main.py - 193): INFO - Train: [8/30][14/16]	lr 0.000034	 wd 0.0001	loss 0.5909 (0.5606)	balanced accuracy 50.00%	mem 0MB
[2026-03-17 09:28:07 - logger] - (main.py - 193): INFO - Train: [8/30][15/16]	lr 0.000034	 wd 0.0001	loss 0.6451 (0.5662)	balanced accuracy 56.25%	mem 0MB
[2026-03-17 09:28:07 - logger] - (main.py - 193): INFO - Train: [8/30][16/16]	lr 0.000034	 wd 0.0001	loss 0.5169 (0.5631)	balanced accuracy 50.00%	mem 0MB
[2026-03-17 09:28:08 - logger] - (main.py - 207): INFO - ------------------------------------------------------------
[2026-03-17 09:28:08 - logger] - (main.py - 208): INFO - EPOCH 8: train balanced accuracy 52.06% train takes 0:00:10
[2026-03-17 09:28:08 - logger] - (main.py - 211): INFO - ------------------------------------------------------------
