[2026-03-17 09:24:10 - logger] - (main.py - 315): INFO - aug:
  cutmix: 0.2
  cutmix_minmax: null
  mixup: 0.2
  mixup_mode: batch
  mixup_prob: 0.5
  mixup_switch_prob: 0.5
connectome:
  frequency_band:
    beta:
    - 12.0
    - 30.0
    delta:
    - 2.0
    - 4.0
    gamma:
    - 30.0
    - 45.0
    high_alpha:
    - 10.0
    - 12.0
    high_beta:
    - 21.0
    - 30.0
    low_alpha:
    - 8.0
    - 10.0
    low_beta:
    - 12.0
    - 18.0
    mid_beta:
    - 18.0
    - 21.0
    theta:
    - 4.0
    - 8.0
  methods:
  - coh
  - wpli
  path:
    data_dir: <preprocessed-path-to-preprocessed-data>
    save_dir: <save-path-to-connectome>
dataset: ds004504
model:
  attn_drop: 0.0
  dim_edge_feat: 128
  dim_node_feat: 128
  dropout: 0.0
  droppath: 0.0
  explainer_type: DeepLift
  gnn_type: GINEConv
  init_values: 0.001
  mlp_ratio: 4.0
  num_classes: 2
  num_edge_feat: 1
  num_gnn_layer: 4
  num_head: 4
  num_node_feat: 19
  num_transformer_layer: 6
model_name: XAIguiFormer
num_workers: 2
out_root: output
preprocessing:
  h_freq: 45
  ica:
    fit_params:
      extended: true
    ic_label_threshold: 0.0
    method: infomax
    n_components: 20
  l_freq: 1
  line_frequency: 60
  n_jobs: null
  n_workers: 4
  path:
    data_dir: <path-to-raw-dataset>
    electrode_locations: <file-path-to-elec_loc.csv>
    save_dir: <save-path-to-preprocesses-data>
pretrain: false
pretrained_model: ''
print_freq: 1
root: EEGBenchmarkDataset
save_fname: XAIguiFormer_lr4e-05_weightdecay0.0001_20260317_092410
seed: 42
train:
  batch_size: 16
  criterion:
    alpha: 0.7
    smoothing: 0.1
  epochs: 30
  lr_scheduler:
    lr_min: 1.0e-07
    warmup_epochs: 3
    warmup_lr: 1.0e-07
  optimizer:
    betas:
    - 0.9
    - 0.99
    eps: 1.0e-08
    lr: 4.0e-05
    weight_decay: 0.0001

[2026-03-17 09:24:10 - logger] - (main.py - 60): INFO - Creating model:

[2026-03-17 09:24:10 - logger] - (main.py - 85): INFO - XAIguiFormer(
  (ConnectomeEncoder): ConnectomeEncoder(
    (node_embedding): Linear(in_features=19, out_features=128, bias=True)
    (edge_embedding): Linear(in_features=1, out_features=128, bias=True)
    (gnns): GNN(
      (convs): ModuleList(
        (0-3): 4 x GINEConv(
          (MLP): MLP(
            (fcs): ModuleList(
              (0-1): 2 x Linear(in_features=128, out_features=128, bias=True)
            )
            (norms): ModuleList(
              (0-1): 2 x Identity()
            )
            (act_funcs): ModuleList(
              (0-1): 2 x GELU(approximate='none')
            )
            (dropouts): ModuleList(
              (0-1): 2 x Dropout(p=0.0, inplace=False)
            )
          )
          (layer): GINEConv(nn=MLP(
            (fcs): ModuleList(
              (0-1): 2 x Linear(in_features=128, out_features=128, bias=True)
            )
            (norms): ModuleList(
              (0-1): 2 x Identity()
            )
            (act_funcs): ModuleList(
              (0-1): 2 x GELU(approximate='none')
            )
            (dropouts): ModuleList(
              (0-1): 2 x Dropout(p=0.0, inplace=False)
            )
          ))
        )
      )
      (norms): ModuleList(
        (0-3): 4 x RmsNorm()
      )
      (act_funcs): ModuleList(
        (0-3): 4 x GeGLU()
      )
      (projs): ModuleList(
        (0-3): 4 x Linear(in_features=128, out_features=256, bias=True)
      )
      (dropouts): ModuleList(
        (0-3): 4 x Dropout(p=0.0, inplace=False)
      )
      (output_embedding): Linear(in_features=128, out_features=128, bias=True)
    )
    (dropout): Dropout(p=0.0, inplace=False)
  )
  (TransformerEncoder): XAIguiTransformerEncoder(
    (TransformerEncoder): ModuleList(
      (0-5): 6 x XAIguiTransformerEncoderLayer(
        (norm1): RmsNorm()
        (attn): XAIguiAttention(
          (qkv): Linear(in_features=128, out_features=384, bias=True)
          (attn_drop): Dropout(p=0.0, inplace=False)
          (proj): Linear(in_features=128, out_features=128, bias=True)
          (proj_drop): Dropout(p=0.0, inplace=False)
          (rope2D): dRoFE()
        )
        (ls1): LayerScale()
        (drop_path1): Identity()
        (norm2): RmsNorm()
        (mlp): MLP(
          (fcs): ModuleList(
            (0): Linear(in_features=128, out_features=1024, bias=True)
            (1): Linear(in_features=512, out_features=128, bias=True)
          )
          (norms): ModuleList(
            (0-1): 2 x Identity()
          )
          (act_funcs): ModuleList(
            (0-1): 2 x GeGLU()
          )
          (dropouts): ModuleList(
            (0-1): 2 x Dropout(p=0.0, inplace=False)
          )
        )
        (ls2): LayerScale()
        (drop_path2): Identity()
      )
    )
    (avgpool): AvgPool()
    (head): MLP(
      (fcs): ModuleList(
        (0): Linear(in_features=128, out_features=256, bias=True)
        (1): Linear(in_features=128, out_features=2, bias=True)
      )
      (norms): ModuleList(
        (0-1): 2 x Identity()
      )
      (act_funcs): ModuleList(
        (0-1): 2 x GeGLU()
      )
      (dropouts): ModuleList(
        (0-1): 2 x Dropout(p=0.0, inplace=False)
      )
    )
  )
  (explainer): Explainer(
    (explainer): DeepLift()
  )
)
[2026-03-17 09:24:10 - logger] - (main.py - 107): INFO - ----------------------------------- Start training -----------------------------------
[2026-03-17 09:24:14 - logger] - (main.py - 193): INFO - Train: [1/30][1/16]	lr 0.000000	 wd 0.0001	loss 0.7499 (0.7499)	balanced accuracy 50.00%	mem 0MB
[2026-03-17 09:24:15 - logger] - (main.py - 193): INFO - Train: [1/30][2/16]	lr 0.000000	 wd 0.0001	loss 0.7614 (0.7556)	balanced accuracy 50.00%	mem 0MB
[2026-03-17 09:24:15 - logger] - (main.py - 193): INFO - Train: [1/30][3/16]	lr 0.000001	 wd 0.0001	loss 0.6745 (0.7286)	balanced accuracy 50.00%	mem 0MB
[2026-03-17 09:24:15 - logger] - (main.py - 193): INFO - Train: [1/30][4/16]	lr 0.000002	 wd 0.0001	loss 0.7257 (0.7279)	balanced accuracy 50.00%	mem 0MB
[2026-03-17 09:24:16 - logger] - (main.py - 193): INFO - Train: [1/30][5/16]	lr 0.000003	 wd 0.0001	loss 0.7619 (0.7347)	balanced accuracy 50.00%	mem 0MB
[2026-03-17 09:24:16 - logger] - (main.py - 193): INFO - Train: [1/30][6/16]	lr 0.000003	 wd 0.0001	loss 0.7359 (0.7349)	balanced accuracy 50.00%	mem 0MB
[2026-03-17 09:24:17 - logger] - (main.py - 193): INFO - Train: [1/30][7/16]	lr 0.000004	 wd 0.0001	loss 0.7457 (0.7364)	balanced accuracy 50.00%	mem 0MB
[2026-03-17 09:24:17 - logger] - (main.py - 193): INFO - Train: [1/30][8/16]	lr 0.000005	 wd 0.0001	loss 0.7436 (0.7373)	balanced accuracy 50.00%	mem 0MB
[2026-03-17 09:24:17 - logger] - (main.py - 193): INFO - Train: [1/30][9/16]	lr 0.000006	 wd 0.0001	loss 0.6666 (0.7294)	balanced accuracy 50.00%	mem 0MB
[2026-03-17 09:24:18 - logger] - (main.py - 193): INFO - Train: [1/30][10/16]	lr 0.000007	 wd 0.0001	loss 0.7071 (0.7272)	balanced accuracy 50.00%	mem 0MB
[2026-03-17 09:24:18 - logger] - (main.py - 193): INFO - Train: [1/30][11/16]	lr 0.000008	 wd 0.0001	loss 0.7234 (0.7269)	balanced accuracy 50.00%	mem 0MB
[2026-03-17 09:24:19 - logger] - (main.py - 193): INFO - Train: [1/30][12/16]	lr 0.000008	 wd 0.0001	loss 0.7479 (0.7286)	balanced accuracy 50.00%	mem 0MB
[2026-03-17 09:24:19 - logger] - (main.py - 193): INFO - Train: [1/30][13/16]	lr 0.000009	 wd 0.0001	loss 0.7192 (0.7279)	balanced accuracy 50.00%	mem 0MB
[2026-03-17 09:24:20 - logger] - (main.py - 193): INFO - Train: [1/30][14/16]	lr 0.000010	 wd 0.0001	loss 0.7214 (0.7274)	balanced accuracy 50.00%	mem 0MB
[2026-03-17 09:24:20 - logger] - (main.py - 193): INFO - Train: [1/30][15/16]	lr 0.000011	 wd 0.0001	loss 0.7206 (0.7270)	balanced accuracy 50.00%	mem 0MB
[2026-03-17 09:24:21 - logger] - (main.py - 193): INFO - Train: [1/30][16/16]	lr 0.000012	 wd 0.0001	loss 0.6976 (0.7251)	balanced accuracy 50.00%	mem 0MB
[2026-03-17 09:24:21 - logger] - (main.py - 207): INFO - ------------------------------------------------------------
[2026-03-17 09:24:21 - logger] - (main.py - 208): INFO - EPOCH 1: train balanced accuracy 50.00% train takes 0:00:11
[2026-03-17 09:24:21 - logger] - (main.py - 211): INFO - ------------------------------------------------------------
[2026-03-17 09:24:26 - logger] - (main.py - 262): INFO - ############################################################
[2026-03-17 09:24:26 - logger] - (main.py - 263): INFO - Test: 
time 4.731	loss 0.6990	balanced accuracy 50.00%	mem 0MB
